[debug] [2026-07-17T07:55:01.269Z] : 
[debug] [2026-07-17T07:55:01.270Z] : ----------------------------------------------------------------------
[debug] [2026-07-17T07:55:01.270Z] : Command:      C:\Program Files\nodejs\node.exe C:\Users\Hari Prasad\AppData\Roaming\npm\node_modules\zcatalyst-cli\lib\bin\catalyst.js serve
[debug] [2026-07-17T07:55:01.270Z] : CLI Version:  1.27.0
[debug] [2026-07-17T07:55:01.270Z] : Platform:     win32
[debug] [2026-07-17T07:55:01.270Z] : Node Version: v24.11.1
[debug] [2026-07-17T07:55:01.270Z] : Time:         Fri Jul 17 2026 13:25:01 GMT+0530 (India Standard Time)
[debug] [2026-07-17T07:55:01.270Z] : ----------------------------------------------------------------------
[debug] [2026-07-17T07:55:01.270Z] : 
[debug] [2026-07-17T07:55:02.827Z] : > authorizing via signed-in user option
[debug] [2026-07-17T07:55:02.828Z] : > command requires scopes: ["ZohoCatalyst.projects.ALL","ZohoCatalyst.apigateway.apis.READ","ZohoCatalyst.apigateway.READ","ZohoCatalyst.segments.ALL","ZohoCatalyst.cache.READ","ZohoCatalyst.cache.CREATE","ZohoCatalyst.cache.DELETE","ZohoCatalyst.projects.ALL","ZohoCatalyst.cron.ALL","ZohoCatalyst.zcql.CREATE","ZohoCatalyst.projects.users.READ","ZohoCatalyst.projects.users.CREATE","ZohoCatalyst.projects.users.DELETE","ZohoCatalyst.projects.users.UPDATE","ZohoCatalyst.authentication.CREATE","ZohoCatalyst.email.CREATE","ZohoCatalyst.tables.ALL","ZohoCatalyst.tables.rows.ALL","ZohoCatalyst.tables.columns.ALL","ZohoCatalyst.tables.bulk.CREATE","ZohoCatalyst.tables.bulk.READ","ZohoCatalyst.folders.ALL","ZohoCatalyst.files.CREATE","ZohoCatalyst.files.READ","ZohoCatalyst.files.DELETE","ZohoCatalyst.functions.ALL","ZohoCatalyst.functions.EXECUTE","ZohoCatalyst.eventlistners.ALL","ZohoCatalyst.eventlisteners.produce","ZohoCatalyst.security.rules.Read","ZohoCatalyst.security.rules.Update","ZohoCatalyst.notifications.mobile","ZohoCatalyst.notifications.web","ZohoCatalyst.search.READ","ZohoCatalyst.mlkit.READ","QuickML.deployment.READ","ZohoCatalyst.pdfshot.execute","ZohoCatalyst.grid.READ","ZohoCatalyst.grid.terminate","ZohoCatalyst.circuits.execution.DELETE","ZohoCatalyst.circuits.execution.READ","ZohoCatalyst.circuits.execute","ZohoCatalyst.appsail.Read","ZohoCatalyst.jobpool.READ","ZohoCatalyst.job.ALL","ZohoCatalyst.nosql.READ","ZohoCatalyst.nosql.rows.ALL"]
[debug] [2026-07-17T07:55:02.905Z] : >>>> HTTP REQUEST : GET https://api.catalyst.zoho.in/baas/v1/project/43787000000013049 

[debug] [2026-07-17T07:55:03.785Z] : <<<< HTTP RESPONSE : 200
Response Headers: {"server":"ZGS","date":"Fri, 17 Jul 2026 07:55:03 GMT","content-type":"application/vnd.catalyst.v2+json","transfer-encoding":"chunked","connection":"keep-alive","x-content-type-options":"nosniff","cache-control":"private,no-cache,no-store,max-age=0,must-revalidate","pragma":"no-cache","expires":"Thu, 01 Jan 1970 00:00:00 GMT","x-frame-options":"DENY","strict-transport-security":"max-age=64072000; includeSubDomains; preload"}

[debug] [2026-07-17T07:55:03.788Z] : >>>> HTTP REQUEST : GET https://api.catalyst.zoho.in/baas/v1/project/43787000000013049/environment 

[debug] [2026-07-17T07:55:03.990Z] : <<<< HTTP RESPONSE : 200
Response Headers: {"server":"ZGS","date":"Fri, 17 Jul 2026 07:55:03 GMT","content-type":"application/vnd.catalyst.v2+json","transfer-encoding":"chunked","connection":"keep-alive","x-content-type-options":"nosniff","cache-control":"private,no-cache,no-store,max-age=0,must-revalidate","pragma":"no-cache","expires":"Thu, 01 Jan 1970 00:00:00 GMT","x-frame-options":"DENY","strict-transport-security":"max-age=64072000; includeSubDomains; preload"}

[debug] [2026-07-17T07:55:04.131Z] : >>>> HTTP REQUEST : GET https://api.catalyst.zoho.in/baas/get-details 
Query params: {"feature_name":"runtime"}

[debug] [2026-07-17T07:55:04.608Z] : <<<< HTTP RESPONSE : 200
Response Headers: {"server":"ZGS","date":"Fri, 17 Jul 2026 07:55:04 GMT","content-type":"application/vnd.catalyst.v2+json","transfer-encoding":"chunked","connection":"keep-alive","x-content-type-options":"nosniff","cache-control":"private,no-cache,no-store,max-age=0,must-revalidate","pragma":"no-cache","expires":"Thu, 01 Jan 1970 00:00:00 GMT","x-frame-options":"DENY","strict-transport-security":"max-age=64072000; includeSubDomains; preload"}

[debug] [2026-07-17T07:55:04.614Z] : >>>> HTTP REQUEST : GET https://api.catalyst.zoho.in/baas/v1/project/43787000000013049/function 
Query params: {"type":"basicio,event,cron,applogic,integration,browser_logic,job"}

[debug] [2026-07-17T07:55:04.909Z] : <<<< HTTP RESPONSE : 200
Response Headers: {"server":"ZGS","date":"Fri, 17 Jul 2026 07:55:04 GMT","content-type":"application/vnd.catalyst.v2+json","transfer-encoding":"chunked","connection":"keep-alive","x-content-type-options":"nosniff","cache-control":"private,no-cache,no-store,max-age=0,must-revalidate","pragma":"no-cache","expires":"Thu, 01 Jan 1970 00:00:00 GMT","x-frame-options":"DENY","strict-transport-security":"max-age=64072000; includeSubDomains; preload"}

[debug] [2026-07-17T07:55:04.911Z] : unknown eol undefined hence skipping check
[debug] [2026-07-17T07:55:26.582Z] : http port : '3000' is not available. Hence port '3001' will be used instead.
[info] [2026-07-17T07:55:32.138Z] : [react-plugin]: Starting the development server...

[info] [2026-07-17T07:55:32.141Z] : 
[info] [2026-07-17T07:55:32.142Z] : i Client[suraksha-iq-client]: Plugin : "zcatalyst-cli-plugin-react" is used for client serve
[info] [2026-07-17T07:55:32.142Z] : 
[debug] [2026-07-17T07:55:34.908Z] : ruok response: 200: OK
[debug] [2026-07-17T07:55:35.163Z] : No API Gateway configuration found. Skipping API Gateway rules
[debug] [2026-07-17T07:55:35.207Z] : No API Gateway configuration found. Skipping API Gateway rules
[info] [2026-07-17T07:55:35.379Z] : 
[info] [2026-07-17T07:55:35.380Z] :  >>>>>>>>>>>>>> Basic I/O <<<<<<<<<<<<< 
[info] [2026-07-17T07:55:35.381Z] : i suraksha_iq_backend: http://localhost:3000/server/suraksha_iq_backend/execute
[info] [2026-07-17T07:55:35.382Z] : 
[info] [2026-07-17T07:55:35.382Z] : 
[info] [2026-07-17T07:55:35.382Z] :  >>>>>>>>>>>>>> AppSail <<<<<<<<<<<<<< 
[info] [2026-07-17T07:55:35.382Z] : i suraksha-iq-backend: http://localhost:3001
[info] [2026-07-17T07:55:35.382Z] : 
[info] [2026-07-17T07:55:35.382Z] : 
[info] [2026-07-17T07:55:35.383Z] :  >>>>>>>>>>>>> Web Client <<<<<<<<<<<<
[info] [2026-07-17T07:55:35.383Z] : i client[suraksha-iq-client]: http://localhost:3000/app/
[info] [2026-07-17T07:55:35.383Z] : 
[info] [2026-07-17T07:55:35.934Z] : [1784274935934]  "GET"  "/app/"
[info] [2026-07-17T07:55:43.111Z] : [react-plugin]: Compiled successfully!
[info] [2026-07-17T07:55:43.111Z] : [react-plugin]: 
[info] [2026-07-17T07:55:43.112Z] : [react-plugin]: You can now view suraksha-iq-client in the browser.
[info] [2026-07-17T07:55:43.112Z] : [react-plugin]: 
[info] [2026-07-17T07:55:43.112Z] : [react-plugin]:   Local:            http://localhost:3000/app/
[info] [2026-07-17T07:55:43.112Z] : [react-plugin]:   On Your Network:  http://192.168.56.1:3000/app/
[info] [2026-07-17T07:55:43.112Z] : [react-plugin]: 
[info] [2026-07-17T07:55:43.112Z] : [react-plugin]: Note that the development build is not optimized.
[info] [2026-07-17T07:55:43.112Z] : [react-plugin]: To create a production build, use npm run build.
[info] [2026-07-17T07:55:43.112Z] : [react-plugin]: 
[info] [2026-07-17T07:55:43.260Z] : [1784274943260]  "GET"  "/app/static/js/bundle.js"
[info] [2026-07-17T07:55:43.341Z] : [1784274943340]  "GET"  "/app/static/media/logo.6ce24c58023cc2f8fd88fe9d219db6c6.svg"
[info] [2026-07-17T07:55:43.572Z] : [1784274943572]  "GET"  "/app/manifest.json"
[info] [2026-07-17T07:55:43.664Z] : [1784274943664]  "GET"  "/app/favicon.ico"
[info] [2026-07-17T07:55:43.884Z] : [1784274943884]  "GET"  "/app/logo192.png"
